GAS LISTING /tmp/cc12j7Vp.s 			page 1


   1              		.file	"_thread.cpp"
   2              		.option pic
   3              		.option norelax
   4              		.text
   5              	.Ltext0:
   6              		.align	2
   7              		.globl	_ZN7_threaddlEPv
   9              	_ZN7_threaddlEPv:
  10              	.LFB0:
  11              		.file 1 "src/_thread.cpp"
   1:src/_thread.cpp **** //
   2:src/_thread.cpp **** // Created by os on 6/3/22.
   3:src/_thread.cpp **** //
   4:src/_thread.cpp **** 
   5:src/_thread.cpp **** #include "../h/_thread.hpp"
   6:src/_thread.cpp **** #include "../h/syscall_c.hpp"
   7:src/_thread.cpp **** 
   8:src/_thread.cpp **** void _thread::operator delete(void *p) {
  12              		.loc 1 8 40
  13              		.cfi_startproc
  14              	.LVL0:
  15 0000 130101FF 		addi	sp,sp,-16
  16              		.cfi_def_cfa_offset 16
  17 0004 23341100 		sd	ra,8(sp)
  18 0008 23308100 		sd	s0,0(sp)
  19              		.cfi_offset 1, -8
  20              		.cfi_offset 8, -16
  21 000c 13040101 		addi	s0,sp,16
  22              		.cfi_def_cfa 8, 0
   9:src/_thread.cpp ****     thread_delete_pcb((thread_t)p);
  23              		.loc 1 9 5
  24              		.loc 1 9 22 is_stmt 0
  25 0010 97000000 		call	_Z17thread_delete_pcbP7_thread@plt
  25      E7800000 
  26              	.LVL1:
  10:src/_thread.cpp **** }...
  27              		.loc 1 10 1
  28 0018 83308100 		ld	ra,8(sp)
  29              		.cfi_restore 1
  30 001c 03340100 		ld	s0,0(sp)
  31              		.cfi_restore 8
  32              		.cfi_def_cfa 2, 16
  33 0020 13010101 		addi	sp,sp,16
  34              		.cfi_def_cfa_offset 0
  35 0024 67800000 		jr	ra
  36              		.cfi_endproc
  37              	.LFE0:
  39              	.Letext0:
  40              		.file 2 "src/../h/../lib/hw.h"
  41              		.file 3 "src/../h/syscall_c.hpp"
  42              		.file 4 "src/../h/_thread.hpp"
GAS LISTING /tmp/cc12j7Vp.s 			page 2


DEFINED SYMBOLS
                            *ABS*:0000000000000000 _thread.cpp
     /tmp/cc12j7Vp.s:9      .text:0000000000000000 _ZN7_threaddlEPv
     /tmp/cc12j7Vp.s:13     .text:0000000000000000 .L0 
     /tmp/cc12j7Vp.s:15     .text:0000000000000000 .L0 
     /tmp/cc12j7Vp.s:16     .text:0000000000000004 .L0 
     /tmp/cc12j7Vp.s:19     .text:000000000000000c .L0 
     /tmp/cc12j7Vp.s:20     .text:000000000000000c .L0 
     /tmp/cc12j7Vp.s:22     .text:0000000000000010 .L0 
     /tmp/cc12j7Vp.s:24     .text:0000000000000010 .L0 
     /tmp/cc12j7Vp.s:25     .text:0000000000000010 .L0 
     /tmp/cc12j7Vp.s:28     .text:0000000000000018 .L0 
     /tmp/cc12j7Vp.s:29     .text:000000000000001c .L0 
     /tmp/cc12j7Vp.s:31     .text:0000000000000020 .L0 
     /tmp/cc12j7Vp.s:32     .text:0000000000000020 .L0 
     /tmp/cc12j7Vp.s:34     .text:0000000000000024 .L0 
     /tmp/cc12j7Vp.s:36     .text:0000000000000028 .L0 
     /tmp/cc12j7Vp.s:43     .text:0000000000000028 .L0 
     /tmp/cc12j7Vp.s:231    .debug_abbrev:0000000000000000 .Ldebug_abbrev0
     /tmp/cc12j7Vp.s:522    .debug_str:0000000000000041 .LASF18
     /tmp/cc12j7Vp.s:548    .debug_str:00000000000001e8 .LASF19
     /tmp/cc12j7Vp.s:532    .debug_str:0000000000000142 .LASF20
     /tmp/cc12j7Vp.s:5      .text:0000000000000000 .Ltext0
     /tmp/cc12j7Vp.s:39     .text:0000000000000028 .Letext0
     /tmp/cc12j7Vp.s:510    .debug_line:0000000000000000 .Ldebug_line0
     /tmp/cc12j7Vp.s:556    .debug_str:000000000000022a .LASF21
     /tmp/cc12j7Vp.s:534    .debug_str:0000000000000160 .LASF22
     /tmp/cc12j7Vp.s:530    .debug_str:0000000000000131 .LASF23
     /tmp/cc12j7Vp.s:512    .debug_str:0000000000000000 .LASF0
     /tmp/cc12j7Vp.s:550    .debug_str:00000000000001f8 .LASF1
     /tmp/cc12j7Vp.s:538    .debug_str:000000000000017c .LASF2
     /tmp/cc12j7Vp.s:528    .debug_str:000000000000012a .LASF4
     /tmp/cc12j7Vp.s:524    .debug_str:0000000000000105 .LASF3
     /tmp/cc12j7Vp.s:518    .debug_str:000000000000002a .LASF5
     /tmp/cc12j7Vp.s:526    .debug_str:0000000000000117 .LASF6
     /tmp/cc12j7Vp.s:542    .debug_str:00000000000001a0 .LASF7
     /tmp/cc12j7Vp.s:560    .debug_str:000000000000023b .LASF8
     /tmp/cc12j7Vp.s:514    .debug_str:000000000000000d .LASF9
     /tmp/cc12j7Vp.s:516    .debug_str:000000000000001b .LASF10
     /tmp/cc12j7Vp.s:554    .debug_str:000000000000021b .LASF11
     /tmp/cc12j7Vp.s:520    .debug_str:0000000000000031 .LASF12
     /tmp/cc12j7Vp.s:552    .debug_str:000000000000020b .LASF13
     /tmp/cc12j7Vp.s:536    .debug_str:0000000000000170 .LASF14
     /tmp/cc12j7Vp.s:544    .debug_str:00000000000001b3 .LASF15
     /tmp/cc12j7Vp.s:540    .debug_str:000000000000018a .LASF16
     /tmp/cc12j7Vp.s:558    .debug_str:0000000000000232 .LASF17
     /tmp/cc12j7Vp.s:10     .text:0000000000000000 .LFB0
     /tmp/cc12j7Vp.s:37     .text:0000000000000028 .LFE0
     /tmp/cc12j7Vp.s:483    .debug_loc:0000000000000000 .LLST0
     /tmp/cc12j7Vp.s:26     .text:0000000000000018 .LVL1
     /tmp/cc12j7Vp.s:546    .debug_str:00000000000001c9 .LASF24
     /tmp/cc12j7Vp.s:562    .debug_str:000000000000024b .LASF25
     /tmp/cc12j7Vp.s:14     .text:0000000000000000 .LVL0
     /tmp/cc12j7Vp.s:44     .debug_info:0000000000000000 .Ldebug_info0

UNDEFINED SYMBOLS
_Z17thread_delete_pcbP7_thread
GAS LISTING /tmp/cc12j7Vp.s 			page 3


