GAS LISTING /tmp/ccgMTuXX.s 			page 1


   1              		.file	"slabAllocator.cpp"
   2              		.option pic
   3              		.option norelax
   4              		.text
   5              	.Ltext0:
   6              	.Letext0:
   7              		.file 1 "src/../h/../lib/hw.h"
GAS LISTING /tmp/ccgMTuXX.s 			page 2


DEFINED SYMBOLS
                            *ABS*:0000000000000000 slabAllocator.cpp
     /tmp/ccgMTuXX.s:130    .debug_abbrev:0000000000000000 .Ldebug_abbrev0
     /tmp/ccgMTuXX.s:292    .debug_str:000000000000010d .LASF17
     /tmp/ccgMTuXX.s:270    .debug_str:0000000000000041 .LASF18
     /tmp/ccgMTuXX.s:276    .debug_str:0000000000000071 .LASF19
     /tmp/ccgMTuXX.s:258    .debug_line:0000000000000000 .Ldebug_line0
     /tmp/ccgMTuXX.s:260    .debug_str:0000000000000000 .LASF0
     /tmp/ccgMTuXX.s:290    .debug_str:00000000000000fa .LASF1
     /tmp/ccgMTuXX.s:280    .debug_str:000000000000009b .LASF2
     /tmp/ccgMTuXX.s:274    .debug_str:000000000000006a .LASF4
     /tmp/ccgMTuXX.s:284    .debug_str:00000000000000bf .LASF3
     /tmp/ccgMTuXX.s:266    .debug_str:000000000000002a .LASF5
     /tmp/ccgMTuXX.s:272    .debug_str:0000000000000057 .LASF6
     /tmp/ccgMTuXX.s:288    .debug_str:00000000000000e7 .LASF7
     /tmp/ccgMTuXX.s:296    .debug_str:00000000000001e0 .LASF8
     /tmp/ccgMTuXX.s:262    .debug_str:000000000000000d .LASF9
     /tmp/ccgMTuXX.s:264    .debug_str:000000000000001b .LASF10
     /tmp/ccgMTuXX.s:294    .debug_str:00000000000001d1 .LASF11
     /tmp/ccgMTuXX.s:268    .debug_str:0000000000000031 .LASF12
     /tmp/ccgMTuXX.s:298    .debug_str:00000000000001f0 .LASF13
     /tmp/ccgMTuXX.s:278    .debug_str:000000000000008f .LASF14
     /tmp/ccgMTuXX.s:286    .debug_str:00000000000000d1 .LASF15
     /tmp/ccgMTuXX.s:282    .debug_str:00000000000000a9 .LASF16
     /tmp/ccgMTuXX.s:9      .debug_info:0000000000000000 .Ldebug_info0

NO UNDEFINED SYMBOLS
