GAS LISTING /tmp/ccgKrCBI.s 			page 1


   1              		.file	"main.cpp"
   2              		.option pic
   3              		.option norelax
   4              		.text
   5              	.Ltext0:
   6              		.align	2
   7              		.globl	main
   9              	main:
  10              	.LFB20:
  11              		.file 1 "src/kernel/main.cpp"
   1:src/kernel/main.cpp **** #include "../../h/Riscv.hpp"
   2:src/kernel/main.cpp **** 
   3:src/kernel/main.cpp **** void main()
   4:src/kernel/main.cpp **** {
  12              		.loc 1 4 1
  13              		.cfi_startproc
  14 0000 130101FF 		addi	sp,sp,-16
  15              		.cfi_def_cfa_offset 16
  16 0004 23341100 		sd	ra,8(sp)
  17 0008 23308100 		sd	s0,0(sp)
  18              		.cfi_offset 1, -8
  19              		.cfi_offset 8, -16
  20 000c 13040101 		addi	s0,sp,16
  21              		.cfi_def_cfa 8, 0
   5:src/kernel/main.cpp ****     Riscv::kernelMain();
  22              		.loc 1 5 5
  23              		.loc 1 5 22 is_stmt 0
  24 0010 97000000 		call	_ZN5Riscv10kernelMainEv@plt
  24      E7800000 
  25              	.LVL0:
   6:src/kernel/main.cpp **** }...
  26              		.loc 1 6 1
  27 0018 83308100 		ld	ra,8(sp)
  28              		.cfi_restore 1
  29 001c 03340100 		ld	s0,0(sp)
  30              		.cfi_restore 8
  31              		.cfi_def_cfa 2, 16
  32 0020 13010101 		addi	sp,sp,16
  33              		.cfi_def_cfa_offset 0
  34 0024 67800000 		jr	ra
  35              		.cfi_endproc
  36              	.LFE20:
  38              	.Letext0:
  39              		.file 2 "src/kernel/../../h/../lib/hw.h"
  40              		.file 3 "src/kernel/../../h/slabAllocator.hpp"
  41              		.file 4 "src/kernel/../../h/Riscv.hpp"
GAS LISTING /tmp/ccgKrCBI.s 			page 2


DEFINED SYMBOLS
                            *ABS*:0000000000000000 main.cpp
     /tmp/ccgKrCBI.s:9      .text:0000000000000000 main
     /tmp/ccgKrCBI.s:13     .text:0000000000000000 .L0 
     /tmp/ccgKrCBI.s:14     .text:0000000000000000 .L0 
     /tmp/ccgKrCBI.s:15     .text:0000000000000004 .L0 
     /tmp/ccgKrCBI.s:18     .text:000000000000000c .L0 
     /tmp/ccgKrCBI.s:19     .text:000000000000000c .L0 
     /tmp/ccgKrCBI.s:21     .text:0000000000000010 .L0 
     /tmp/ccgKrCBI.s:23     .text:0000000000000010 .L0 
     /tmp/ccgKrCBI.s:24     .text:0000000000000010 .L0 
     /tmp/ccgKrCBI.s:27     .text:0000000000000018 .L0 
     /tmp/ccgKrCBI.s:28     .text:000000000000001c .L0 
     /tmp/ccgKrCBI.s:30     .text:0000000000000020 .L0 
     /tmp/ccgKrCBI.s:31     .text:0000000000000020 .L0 
     /tmp/ccgKrCBI.s:33     .text:0000000000000024 .L0 
     /tmp/ccgKrCBI.s:35     .text:0000000000000028 .L0 
     /tmp/ccgKrCBI.s:42     .text:0000000000000028 .L0 
     /tmp/ccgKrCBI.s:638    .debug_abbrev:0000000000000000 .Ldebug_abbrev0
     /tmp/ccgKrCBI.s:1130   .debug_str:0000000000000475 .LASF113
     /tmp/ccgKrCBI.s:1054   .debug_str:00000000000001c4 .LASF114
     /tmp/ccgKrCBI.s:1076   .debug_str:0000000000000278 .LASF115
     /tmp/ccgKrCBI.s:5      .text:0000000000000000 .Ltext0
     /tmp/ccgKrCBI.s:38     .text:0000000000000028 .Letext0
     /tmp/ccgKrCBI.s:998    .debug_line:0000000000000000 .Ldebug_line0
     /tmp/ccgKrCBI.s:1142   .debug_str:00000000000005ab .LASF0
     /tmp/ccgKrCBI.s:1156   .debug_str:00000000000005fe .LASF1
     /tmp/ccgKrCBI.s:1120   .debug_str:0000000000000425 .LASF2
     /tmp/ccgKrCBI.s:1102   .debug_str:0000000000000380 .LASF4
     /tmp/ccgKrCBI.s:1188   .debug_str:00000000000006f7 .LASF3
     /tmp/ccgKrCBI.s:1024   .debug_str:00000000000000af .LASF5
     /tmp/ccgKrCBI.s:1158   .debug_str:0000000000000611 .LASF6
     /tmp/ccgKrCBI.s:1140   .debug_str:0000000000000598 .LASF7
     /tmp/ccgKrCBI.s:1210   .debug_str:00000000000007ab .LASF8
     /tmp/ccgKrCBI.s:1090   .debug_str:0000000000000317 .LASF9
     /tmp/ccgKrCBI.s:1166   .debug_str:0000000000000643 .LASF10
     /tmp/ccgKrCBI.s:1122   .debug_str:0000000000000433 .LASF11
     /tmp/ccgKrCBI.s:1208   .debug_str:000000000000079c .LASF12
     /tmp/ccgKrCBI.s:1026   .debug_str:00000000000000b6 .LASF13
     /tmp/ccgKrCBI.s:1008   .debug_str:0000000000000043 .LASF14
     /tmp/ccgKrCBI.s:1038   .debug_str:000000000000012d .LASF15
     /tmp/ccgKrCBI.s:1182   .debug_str:00000000000006bb .LASF16
     /tmp/ccgKrCBI.s:1052   .debug_str:00000000000001ae .LASF17
     /tmp/ccgKrCBI.s:1214   .debug_str:00000000000007c8 .LASF18
     /tmp/ccgKrCBI.s:1212   .debug_str:00000000000007bb .LASF116
     /tmp/ccgKrCBI.s:1154   .debug_str:00000000000005f8 .LASF117
     /tmp/ccgKrCBI.s:1150   .debug_str:00000000000005e4 .LASF48
     /tmp/ccgKrCBI.s:1084   .debug_str:00000000000002c4 .LASF50
     /tmp/ccgKrCBI.s:1096   .debug_str:000000000000034f .LASF19
     /tmp/ccgKrCBI.s:1222   .debug_str:000000000000080d .LASF28
     /tmp/ccgKrCBI.s:1202   .debug_str:000000000000075f .LASF30
     /tmp/ccgKrCBI.s:1112   .debug_str:00000000000003c6 .LASF20
     /tmp/ccgKrCBI.s:1074   .debug_str:000000000000026d .LASF21
     /tmp/ccgKrCBI.s:1002   .debug_str:0000000000000012 .LASF22
     /tmp/ccgKrCBI.s:1036   .debug_str:0000000000000111 .LASF24
     /tmp/ccgKrCBI.s:1046   .debug_str:0000000000000177 .LASF23
     /tmp/ccgKrCBI.s:1116   .debug_str:00000000000003e6 .LASF25
GAS LISTING /tmp/ccgKrCBI.s 			page 3


     /tmp/ccgKrCBI.s:1050   .debug_str:000000000000019f .LASF26
     /tmp/ccgKrCBI.s:1034   .debug_str:00000000000000f3 .LASF27
     /tmp/ccgKrCBI.s:1126   .debug_str:0000000000000459 .LASF29
     /tmp/ccgKrCBI.s:1018   .debug_str:0000000000000070 .LASF31
     /tmp/ccgKrCBI.s:1044   .debug_str:0000000000000163 .LASF32
     /tmp/ccgKrCBI.s:1088   .debug_str:00000000000002f4 .LASF33
     /tmp/ccgKrCBI.s:1230   .debug_str:0000000000000851 .LASF34
     /tmp/ccgKrCBI.s:1086   .debug_str:00000000000002dc .LASF35
     /tmp/ccgKrCBI.s:1226   .debug_str:000000000000082f .LASF36
     /tmp/ccgKrCBI.s:1058   .debug_str:00000000000001eb .LASF37
     /tmp/ccgKrCBI.s:1028   .debug_str:00000000000000c6 .LASF38
     /tmp/ccgKrCBI.s:1118   .debug_str:0000000000000407 .LASF39
     /tmp/ccgKrCBI.s:1174   .debug_str:0000000000000684 .LASF40
     /tmp/ccgKrCBI.s:1040   .debug_str:0000000000000139 .LASF41
     /tmp/ccgKrCBI.s:1170   .debug_str:000000000000065f .LASF42
     /tmp/ccgKrCBI.s:1138   .debug_str:0000000000000579 .LASF43
     /tmp/ccgKrCBI.s:1020   .debug_str:000000000000008f .LASF44
     /tmp/ccgKrCBI.s:1064   .debug_str:000000000000021f .LASF45
     /tmp/ccgKrCBI.s:1198   .debug_str:000000000000073f .LASF46
     /tmp/ccgKrCBI.s:1006   .debug_str:0000000000000029 .LASF47
     /tmp/ccgKrCBI.s:1010   .debug_str:0000000000000053 .LASF49
     /tmp/ccgKrCBI.s:1196   .debug_str:000000000000072a .LASF51
     /tmp/ccgKrCBI.s:1062   .debug_str:0000000000000216 .LASF52
     /tmp/ccgKrCBI.s:1060   .debug_str:0000000000000201 .LASF53
     /tmp/ccgKrCBI.s:1190   .debug_str:0000000000000709 .LASF54
     /tmp/ccgKrCBI.s:1172   .debug_str:0000000000000671 .LASF55
     /tmp/ccgKrCBI.s:1180   .debug_str:00000000000006b4 .LASF56
     /tmp/ccgKrCBI.s:1200   .debug_str:000000000000074c .LASF57
     /tmp/ccgKrCBI.s:1082   .debug_str:00000000000002bc .LASF58
     /tmp/ccgKrCBI.s:1070   .debug_str:0000000000000254 .LASF59
     /tmp/ccgKrCBI.s:1004   .debug_str:0000000000000021 .LASF60
     /tmp/ccgKrCBI.s:1146   .debug_str:00000000000005bf .LASF61
     /tmp/ccgKrCBI.s:1068   .debug_str:000000000000024c .LASF62
     /tmp/ccgKrCBI.s:1032   .debug_str:00000000000000df .LASF63
     /tmp/ccgKrCBI.s:1234   .debug_str:0000000000000867 .LASF64
     /tmp/ccgKrCBI.s:1048   .debug_str:000000000000018b .LASF65
     /tmp/ccgKrCBI.s:1168   .debug_str:0000000000000652 .LASF66
     /tmp/ccgKrCBI.s:1144   .debug_str:00000000000005b8 .LASF67
     /tmp/ccgKrCBI.s:1224   .debug_str:000000000000081c .LASF68
     /tmp/ccgKrCBI.s:1016   .debug_str:0000000000000069 .LASF69
     /tmp/ccgKrCBI.s:1080   .debug_str:00000000000002a9 .LASF70
     /tmp/ccgKrCBI.s:1178   .debug_str:00000000000006ae .LASF71
     /tmp/ccgKrCBI.s:1206   .debug_str:000000000000078a .LASF72
     /tmp/ccgKrCBI.s:1014   .debug_str:0000000000000063 .LASF73
     /tmp/ccgKrCBI.s:1236   .debug_str:000000000000086f .LASF74
     /tmp/ccgKrCBI.s:1184   .debug_str:00000000000006d1 .LASF75
     /tmp/ccgKrCBI.s:1134   .debug_str:0000000000000554 .LASF76
     /tmp/ccgKrCBI.s:1232   .debug_str:000000000000085c .LASF77
     /tmp/ccgKrCBI.s:1186   .debug_str:00000000000006df .LASF78
     /tmp/ccgKrCBI.s:1104   .debug_str:0000000000000387 .LASF79
     /tmp/ccgKrCBI.s:1114   .debug_str:00000000000003ce .LASF80
     /tmp/ccgKrCBI.s:1012   .debug_str:000000000000005c .LASF81
     /tmp/ccgKrCBI.s:1124   .debug_str:0000000000000446 .LASF82
     /tmp/ccgKrCBI.s:1162   .debug_str:0000000000000637 .LASF83
     /tmp/ccgKrCBI.s:1056   .debug_str:00000000000001d8 .LASF84
     /tmp/ccgKrCBI.s:1098   .debug_str:0000000000000360 .LASF85
     /tmp/ccgKrCBI.s:1100   .debug_str:000000000000036a .LASF86
GAS LISTING /tmp/ccgKrCBI.s 			page 4


     /tmp/ccgKrCBI.s:1128   .debug_str:000000000000046b .LASF87
     /tmp/ccgKrCBI.s:1094   .debug_str:0000000000000339 .LASF88
     /tmp/ccgKrCBI.s:1110   .debug_str:00000000000003c0 .LASF89
     /tmp/ccgKrCBI.s:1000   .debug_str:0000000000000000 .LASF90
     /tmp/ccgKrCBI.s:1042   .debug_str:000000000000015d .LASF91
     /tmp/ccgKrCBI.s:1066   .debug_str:000000000000023a .LASF92
     /tmp/ccgKrCBI.s:1192   .debug_str:0000000000000710 .LASF93
     /tmp/ccgKrCBI.s:1228   .debug_str:0000000000000839 .LASF94
     /tmp/ccgKrCBI.s:1194   .debug_str:000000000000071b .LASF95
     /tmp/ccgKrCBI.s:1220   .debug_str:00000000000007f1 .LASF96
     /tmp/ccgKrCBI.s:1216   .debug_str:00000000000007d5 .LASF97
     /tmp/ccgKrCBI.s:1108   .debug_str:000000000000039e .LASF98
     /tmp/ccgKrCBI.s:1218   .debug_str:00000000000007ea .LASF99
     /tmp/ccgKrCBI.s:1030   .debug_str:00000000000000d7 .LASF100
     /tmp/ccgKrCBI.s:1204   .debug_str:000000000000077b .LASF101
     /tmp/ccgKrCBI.s:1106   .debug_str:0000000000000392 .LASF102
     /tmp/ccgKrCBI.s:1176   .debug_str:000000000000069b .LASF103
     /tmp/ccgKrCBI.s:1022   .debug_str:000000000000009d .LASF104
     /tmp/ccgKrCBI.s:1160   .debug_str:0000000000000624 .LASF105
     /tmp/ccgKrCBI.s:1078   .debug_str:0000000000000296 .LASF106
     /tmp/ccgKrCBI.s:1092   .debug_str:0000000000000325 .LASF107
     /tmp/ccgKrCBI.s:1136   .debug_str:000000000000056f .LASF108
     /tmp/ccgKrCBI.s:1152   .debug_str:00000000000005ef .LASF109
     /tmp/ccgKrCBI.s:1132   .debug_str:0000000000000545 .LASF110
     /tmp/ccgKrCBI.s:1148   .debug_str:00000000000005d3 .LASF111
     /tmp/ccgKrCBI.s:1072   .debug_str:0000000000000268 .LASF112
     /tmp/ccgKrCBI.s:1164   .debug_str:000000000000063e .LASF118
     /tmp/ccgKrCBI.s:10     .text:0000000000000000 .LFB20
     /tmp/ccgKrCBI.s:36     .text:0000000000000028 .LFE20
     /tmp/ccgKrCBI.s:25     .text:0000000000000018 .LVL0
     /tmp/ccgKrCBI.s:43     .debug_info:0000000000000000 .Ldebug_info0

UNDEFINED SYMBOLS
_ZN5Riscv10kernelMainEv
