GAS LISTING /tmp/ccTV92Mi.s 			page 1


   1              		.file	"_sem.cpp"
   2              		.option pic
   3              		.option norelax
   4              		.text
   5              	.Ltext0:
   6              		.align	2
   7              		.globl	_ZN4_semdlEPv
   9              	_ZN4_semdlEPv:
  10              	.LFB0:
  11              		.file 1 "src/user/_sem.cpp"
   1:src/user/_sem.cpp **** //
   2:src/user/_sem.cpp **** // Created by os on 6/3/22.
   3:src/user/_sem.cpp **** //
   4:src/user/_sem.cpp **** 
   5:src/user/_sem.cpp **** #include "../../h/_sem.hpp"
   6:src/user/_sem.cpp **** #include "../../h/syscall_c.hpp"
   7:src/user/_sem.cpp **** 
   8:src/user/_sem.cpp **** void _sem::operator delete(void *p) {
  12              		.loc 1 8 37
  13              		.cfi_startproc
  14              	.LVL0:
  15 0000 130101FF 		addi	sp,sp,-16
  16              		.cfi_def_cfa_offset 16
  17 0004 23341100 		sd	ra,8(sp)
  18 0008 23308100 		sd	s0,0(sp)
  19              		.cfi_offset 1, -8
  20              		.cfi_offset 8, -16
  21 000c 13040101 		addi	s0,sp,16
  22              		.cfi_def_cfa 8, 0
   9:src/user/_sem.cpp ****     sem_close((sem_t)p);
  23              		.loc 1 9 5
  24              		.loc 1 9 14 is_stmt 0
  25 0010 97000000 		call	_Z9sem_closeP4_sem@plt
  25      E7800000 
  26              	.LVL1:
  10:src/user/_sem.cpp **** }
  27              		.loc 1 10 1
  28 0018 83308100 		ld	ra,8(sp)
  29              		.cfi_restore 1
  30 001c 03340100 		ld	s0,0(sp)
  31              		.cfi_restore 8
  32              		.cfi_def_cfa 2, 16
  33 0020 13010101 		addi	sp,sp,16
  34              		.cfi_def_cfa_offset 0
  35 0024 67800000 		jr	ra
  36              		.cfi_endproc
  37              	.LFE0:
  39              	.Letext0:
  40              		.file 2 "src/user/../../h/../lib/hw.h"
  41              		.file 3 "src/user/../../h/syscall_c.hpp"
  42              		.file 4 "src/user/../../h/_sem.hpp"
GAS LISTING /tmp/ccTV92Mi.s 			page 2


DEFINED SYMBOLS
                            *ABS*:0000000000000000 _sem.cpp
     /tmp/ccTV92Mi.s:9      .text:0000000000000000 _ZN4_semdlEPv
     /tmp/ccTV92Mi.s:13     .text:0000000000000000 .L0 
     /tmp/ccTV92Mi.s:15     .text:0000000000000000 .L0 
     /tmp/ccTV92Mi.s:16     .text:0000000000000004 .L0 
     /tmp/ccTV92Mi.s:19     .text:000000000000000c .L0 
     /tmp/ccTV92Mi.s:20     .text:000000000000000c .L0 
     /tmp/ccTV92Mi.s:22     .text:0000000000000010 .L0 
     /tmp/ccTV92Mi.s:24     .text:0000000000000010 .L0 
     /tmp/ccTV92Mi.s:25     .text:0000000000000010 .L0 
     /tmp/ccTV92Mi.s:28     .text:0000000000000018 .L0 
     /tmp/ccTV92Mi.s:29     .text:000000000000001c .L0 
     /tmp/ccTV92Mi.s:31     .text:0000000000000020 .L0 
     /tmp/ccTV92Mi.s:32     .text:0000000000000020 .L0 
     /tmp/ccTV92Mi.s:34     .text:0000000000000024 .L0 
     /tmp/ccTV92Mi.s:36     .text:0000000000000028 .L0 
     /tmp/ccTV92Mi.s:43     .text:0000000000000028 .L0 
     /tmp/ccTV92Mi.s:238    .debug_abbrev:0000000000000000 .Ldebug_abbrev0
     /tmp/ccTV92Mi.s:549    .debug_str:00000000000000e4 .LASF19
     /tmp/ccTV92Mi.s:565    .debug_str:000000000000022c .LASF20
     /tmp/ccTV92Mi.s:537    .debug_str:000000000000007a .LASF21
     /tmp/ccTV92Mi.s:5      .text:0000000000000000 .Ltext0
     /tmp/ccTV92Mi.s:39     .text:0000000000000028 .Letext0
     /tmp/ccTV92Mi.s:517    .debug_line:0000000000000000 .Ldebug_line0
     /tmp/ccTV92Mi.s:523    .debug_str:000000000000001c .LASF22
     /tmp/ccTV92Mi.s:539    .debug_str:0000000000000098 .LASF23
     /tmp/ccTV92Mi.s:519    .debug_str:0000000000000000 .LASF24
     /tmp/ccTV92Mi.s:569    .debug_str:000000000000024e .LASF0
     /tmp/ccTV92Mi.s:559    .debug_str:00000000000001fa .LASF1
     /tmp/ccTV92Mi.s:543    .debug_str:00000000000000b4 .LASF2
     /tmp/ccTV92Mi.s:535    .debug_str:0000000000000073 .LASF4
     /tmp/ccTV92Mi.s:529    .debug_str:0000000000000038 .LASF3
     /tmp/ccTV92Mi.s:525    .debug_str:0000000000000021 .LASF5
     /tmp/ccTV92Mi.s:533    .debug_str:0000000000000060 .LASF6
     /tmp/ccTV92Mi.s:557    .debug_str:00000000000001e7 .LASF7
     /tmp/ccTV92Mi.s:567    .debug_str:000000000000023e .LASF8
     /tmp/ccTV92Mi.s:521    .debug_str:000000000000000e .LASF9
     /tmp/ccTV92Mi.s:545    .debug_str:00000000000000c2 .LASF10
     /tmp/ccTV92Mi.s:547    .debug_str:00000000000000d1 .LASF11
     /tmp/ccTV92Mi.s:563    .debug_str:000000000000021d .LASF12
     /tmp/ccTV92Mi.s:527    .debug_str:0000000000000028 .LASF13
     /tmp/ccTV92Mi.s:561    .debug_str:000000000000020d .LASF14
     /tmp/ccTV92Mi.s:541    .debug_str:00000000000000a8 .LASF15
     /tmp/ccTV92Mi.s:553    .debug_str:00000000000001be .LASF16
     /tmp/ccTV92Mi.s:531    .debug_str:000000000000004a .LASF17
     /tmp/ccTV92Mi.s:571    .debug_str:000000000000025b .LASF18
     /tmp/ccTV92Mi.s:10     .text:0000000000000000 .LFB0
     /tmp/ccTV92Mi.s:37     .text:0000000000000028 .LFE0
     /tmp/ccTV92Mi.s:490    .debug_loc:0000000000000000 .LLST0
     /tmp/ccTV92Mi.s:26     .text:0000000000000018 .LVL1
     /tmp/ccTV92Mi.s:555    .debug_str:00000000000001d4 .LASF25
     /tmp/ccTV92Mi.s:551    .debug_str:00000000000001b4 .LASF26
     /tmp/ccTV92Mi.s:14     .text:0000000000000000 .LVL0
     /tmp/ccTV92Mi.s:44     .debug_info:0000000000000000 .Ldebug_info0

UNDEFINED SYMBOLS
GAS LISTING /tmp/ccTV92Mi.s 			page 3


_Z9sem_closeP4_sem
